<?xml version="1.0" encoding="UTF-8"?>
<testsuites>
  <testsuite name="C:\xampp\htdocs\GraficaSantiago\wp-content\themes\astra-child\phpunit.xml" tests="4" assertions="9" errors="0" failures="0" skipped="0" time="0.207110">
    <testsuite name="Astra Child Theme Tests" tests="4" assertions="9" errors="0" failures="0" skipped="0" time="0.207110">
      <testsuite name="HomeLogicTest" file="C:\xampp\htdocs\GraficaSantiago\wp-content\themes\astra-child\tests\HomeLogicTest.php" tests="4" assertions="9" errors="0" failures="0" skipped="0" time="0.207110">
        <testcase name="test_promos_disabled_returns_enabled_false" file="C:\xampp\htdocs\GraficaSantiago\wp-content\themes\astra-child\tests\HomeLogicTest.php" line="22" class="HomeLogicTest" classname="HomeLogicTest" assertions="2" time="0.097702"/>
        <testcase name="test_promos_builds_items_and_active_index_is_safe" file="C:\xampp\htdocs\GraficaSantiago\wp-content\themes\astra-child\tests\HomeLogicTest.php" line="35" class="HomeLogicTest" classname="HomeLogicTest" assertions="3" time="0.005016"/>
        <testcase name="test_discount_label_returns_percentage" file="C:\xampp\htdocs\GraficaSantiago\wp-content\themes\astra-child\tests\HomeLogicTest.php" line="67" class="HomeLogicTest" classname="HomeLogicTest" assertions="1" time="0.091779"/>
        <testcase name="test_cta_simple_in_stock_goes_to_add_to_cart" file="C:\xampp\htdocs\GraficaSantiago\wp-content\themes\astra-child\tests\HomeLogicTest.php" line="80" class="HomeLogicTest" classname="HomeLogicTest" assertions="3" time="0.012612"/>
      </testsuite>
    </testsuite>
  </testsuite>
</testsuites>
